<?xml version="1.0" encoding="utf-8"?>
<?AutomationStudio Version="4.5.2.102"?>
<Objects>
  <Object
    Path="C:\altera\ciclicheskoe11\Logical\Package.pkg"
    LogicalPath=""
    Type="Package.ParentUnknown"
    LastWriteTime="133465206420000000" />
  <Object
    Path="C:\altera\ciclicheskoe11\Logical\Global.typ"
    LogicalPath="Global.typ"
    Type="File"
    LastWriteTime="133465206350000000"
    Private="false" />
  <Object
    Path="C:\altera\ciclicheskoe11\Logical\Global.var"
    LogicalPath="Global.var"
    Type="File"
    LastWriteTime="133465206350000000"
    Private="false" />
  <Object
    Path="C:\altera\ciclicheskoe11\Logical\Libraries\Package.pkg"
    LogicalPath="Libraries"
    Type="Package"
    LastWriteTime="133465206410000000" />
  <Object
    Path="C:\altera\ciclicheskoe11\Logical\Libraries\operator\Binary.lby"
    LogicalPath="Libraries.operator"
    Type="Library"
    LastWriteTime="133465206410000000" />
  <Object
    Path="C:\altera\ciclicheskoe11\Logical\Libraries\operator\operator.fun"
    LogicalPath="Libraries.operator.operator.fun"
    Type="File"
    LastWriteTime="133465206410000000"
    Private="false" />
  <Object
    Path="C:\altera\ciclicheskoe11\Logical\Libraries\operator\operator.typ"
    LogicalPath="Libraries.operator.operator.typ"
    Type="File"
    LastWriteTime="133465206410000000"
    Private="false" />
  <Object
    Path="C:\altera\ciclicheskoe11\Logical\Libraries\operator\operator.var"
    LogicalPath="Libraries.operator.operator.var"
    Type="File"
    LastWriteTime="133465206410000000"
    Private="false" />
  <Object
    Path="C:\altera\ciclicheskoe11\Logical\Libraries\runtime\Binary.lby"
    LogicalPath="Libraries.runtime"
    Type="Library"
    LastWriteTime="133465206410000000" />
  <Object
    Path="C:\altera\ciclicheskoe11\Logical\Libraries\runtime\runtime.fun"
    LogicalPath="Libraries.runtime.runtime.fun"
    Type="File"
    LastWriteTime="133465206410000000"
    Private="false" />
  <Object
    Path="C:\altera\ciclicheskoe11\Logical\Libraries\runtime\runtime.typ"
    LogicalPath="Libraries.runtime.runtime.typ"
    Type="File"
    LastWriteTime="133465206420000000"
    Private="false" />
  <Object
    Path="C:\altera\ciclicheskoe11\Logical\Libraries\runtime\runtime.var"
    LogicalPath="Libraries.runtime.runtime.var"
    Type="File"
    LastWriteTime="133465206420000000"
    Private="false" />
  <Object
    Path="C:\altera\ciclicheskoe11\Logical\Libraries\astime\Binary.lby"
    LogicalPath="Libraries.astime"
    Type="Library"
    LastWriteTime="133465206390000000" />
  <Object
    Path="C:\altera\ciclicheskoe11\Logical\Libraries\astime\astime.fun"
    LogicalPath="Libraries.astime.astime.fun"
    Type="File"
    LastWriteTime="133465206380000000"
    Private="false" />
  <Object
    Path="C:\altera\ciclicheskoe11\Logical\Libraries\astime\astime.typ"
    LogicalPath="Libraries.astime.astime.typ"
    Type="File"
    LastWriteTime="133465206390000000"
    Private="false" />
  <Object
    Path="C:\altera\ciclicheskoe11\Logical\Libraries\astime\astime.var"
    LogicalPath="Libraries.astime.astime.var"
    Type="File"
    LastWriteTime="133465206390000000"
    Private="false" />
  <Object
    Path="C:\altera\ciclicheskoe11\Logical\Libraries\AsIecCon\Binary.lby"
    LogicalPath="Libraries.AsIecCon"
    Type="Library"
    LastWriteTime="133465206380000000" />
  <Object
    Path="C:\altera\ciclicheskoe11\Logical\Libraries\AsIecCon\AsIecCon.fun"
    LogicalPath="Libraries.AsIecCon.AsIecCon.fun"
    Type="File"
    LastWriteTime="133465206370000000"
    Private="false" />
  <Object
    Path="C:\altera\ciclicheskoe11\Logical\Libraries\AsIecCon\AsIecCon.typ"
    LogicalPath="Libraries.AsIecCon.AsIecCon.typ"
    Type="File"
    LastWriteTime="133465206370000000"
    Private="false" />
  <Object
    Path="C:\altera\ciclicheskoe11\Logical\Libraries\AsIecCon\AsIecCon.var"
    LogicalPath="Libraries.AsIecCon.AsIecCon.var"
    Type="File"
    LastWriteTime="133465206380000000"
    Private="false" />
  <Object
    Path="C:\altera\ciclicheskoe11\Logical\Libraries\Library\ANSIC.lby"
    LogicalPath="Libraries.Library"
    Type="Library"
    LastWriteTime="133465206390000000" />
  <Object
    Path="C:\altera\ciclicheskoe11\Logical\Libraries\Library\Library.fun"
    LogicalPath="Libraries.Library.Library.fun"
    Type="File"
    LastWriteTime="133465206400000000"
    Private="false" />
  <Object
    Path="C:\altera\ciclicheskoe11\Logical\Libraries\Library\FB_Motor.c"
    LogicalPath="Libraries.Library.FB_Motor.c"
    Type="File"
    LastWriteTime="133465206390000000"
    Private="false" />
  <Object
    Path="C:\altera\ciclicheskoe11\Logical\Libraries\Library\FB_Controller.c"
    LogicalPath="Libraries.Library.FB_Controller.c"
    Type="File"
    LastWriteTime="133465206390000000"
    Private="false" />
  <Object
    Path="C:\altera\ciclicheskoe11\Logical\Libraries\Library\FB_Integrator.c"
    LogicalPath="Libraries.Library.FB_Integrator.c"
    Type="File"
    LastWriteTime="133465206390000000"
    Private="false" />
  <Object
    Path="C:\altera\ciclicheskoe11\Logical\Libraries\Library\FB_Endswitch.c"
    LogicalPath="Libraries.Library.FB_Endswitch.c"
    Type="File"
    LastWriteTime="133465206390000000"
    Private="false" />
  <Object
    Path="C:\altera\ciclicheskoe11\Logical\Libraries\Library\FB_Axis.c"
    LogicalPath="Libraries.Library.FB_Axis.c"
    Type="File"
    LastWriteTime="133465206390000000"
    Private="false" />
  <Object
    Path="C:\altera\ciclicheskoe11\Logical\Libraries\Library\FB_PD.c"
    LogicalPath="Libraries.Library.FB_PD.c"
    Type="File"
    LastWriteTime="133465206400000000"
    Private="false" />
  <Object
    Path="C:\altera\ciclicheskoe11\Logical\Libraries\Acp10sdc\Binary.lby"
    LogicalPath="Libraries.Acp10sdc"
    Type="Library"
    LastWriteTime="133465206370000000" />
  <Object
    Path="C:\altera\ciclicheskoe11\Logical\Libraries\Acp10sdc\acp10sdc.var"
    LogicalPath="Libraries.Acp10sdc.acp10sdc.var"
    Type="File"
    LastWriteTime="133465206370000000"
    Private="false" />
  <Object
    Path="C:\altera\ciclicheskoe11\Logical\Libraries\Acp10sdc\acp10sdc.typ"
    LogicalPath="Libraries.Acp10sdc.acp10sdc.typ"
    Type="File"
    LastWriteTime="133465206370000000"
    Private="false" />
  <Object
    Path="C:\altera\ciclicheskoe11\Logical\Libraries\Acp10man\Binary.lby"
    LogicalPath="Libraries.Acp10man"
    Type="Library"
    LastWriteTime="133465206350000000" />
  <Object
    Path="C:\altera\ciclicheskoe11\Logical\Libraries\Acp10man\Acp10man.typ"
    LogicalPath="Libraries.Acp10man.Acp10man.typ"
    Type="File"
    LastWriteTime="133465206350000000"
    Private="false" />
  <Object
    Path="C:\altera\ciclicheskoe11\Logical\Libraries\Acp10par\Binary.lby"
    LogicalPath="Libraries.Acp10par"
    Type="Library"
    LastWriteTime="133465206360000000" />
  <Object
    Path="C:\altera\ciclicheskoe11\Logical\Libraries\Acp10par\Acp10par.var"
    LogicalPath="Libraries.Acp10par.Acp10par.var"
    Type="File"
    LastWriteTime="133465206360000000"
    Private="false" />
  <Object
    Path="C:\altera\ciclicheskoe11\Logical\Libraries\NcGlobal\Binary.lby"
    LogicalPath="Libraries.NcGlobal"
    Type="Library"
    LastWriteTime="133465206400000000" />
  <Object
    Path="C:\altera\ciclicheskoe11\Logical\Libraries\NcGlobal\NcGlobal.fun"
    LogicalPath="Libraries.NcGlobal.NcGlobal.fun"
    Type="File"
    LastWriteTime="133465206400000000"
    Private="false" />
  <Object
    Path="C:\altera\ciclicheskoe11\Logical\Libraries\NcGlobal\NcGlobal.typ"
    LogicalPath="Libraries.NcGlobal.NcGlobal.typ"
    Type="File"
    LastWriteTime="133465206400000000"
    Private="false" />
  <Object
    Path="C:\altera\ciclicheskoe11\Logical\Libraries\NcGlobal\NcGlobal.var"
    LogicalPath="Libraries.NcGlobal.NcGlobal.var"
    Type="File"
    LastWriteTime="133465206400000000"
    Private="false" />
  <Object
    Path="C:\altera\ciclicheskoe11\Logical\Libraries\URTK_lib\ANSIC.lby"
    LogicalPath="Libraries.URTK_lib"
    Type="Library"
    LastWriteTime="133465206420000000" />
  <Object
    Path="C:\altera\ciclicheskoe11\Logical\Libraries\URTK_lib\Types.typ"
    LogicalPath="Libraries.URTK_lib.Types.typ"
    Type="File"
    LastWriteTime="133465206420000000"
    Private="false" />
  <Object
    Path="C:\altera\ciclicheskoe11\Logical\Libraries\URTK_lib\Constants.var"
    LogicalPath="Libraries.URTK_lib.Constants.var"
    Type="File"
    LastWriteTime="133465206420000000"
    Private="false" />
  <Object
    Path="C:\altera\ciclicheskoe11\Logical\Libraries\URTK_lib\URTK_lib.fun"
    LogicalPath="Libraries.URTK_lib.URTK_lib.fun"
    Type="File"
    LastWriteTime="133465206420000000"
    Private="false" />
  <Object
    Path="C:\altera\ciclicheskoe11\Logical\Libraries\URTK_lib\FBURTKAxis.c"
    LogicalPath="Libraries.URTK_lib.FBURTKAxis.c"
    Type="File"
    LastWriteTime="133465206420000000"
    Private="false" />
  <Object
    Path="C:\altera\ciclicheskoe11\Logical\Libraries\URTK_lib\FB_URTKAxisHome.c"
    LogicalPath="Libraries.URTK_lib.FB_URTKAxisHome.c"
    Type="File"
    LastWriteTime="133465206420000000"
    Private="false" />
  <Object
    Path="C:\altera\ciclicheskoe11\Logical\Libraries\URTK_lib\FBURTKAxisMovePos.c"
    LogicalPath="Libraries.URTK_lib.FBURTKAxisMovePos.c"
    Type="File"
    LastWriteTime="133465206420000000"
    Private="false" />
  <Object
    Path="C:\altera\ciclicheskoe11\Logical\Libraries\URTK_lib\FBURTKCtrl.c"
    LogicalPath="Libraries.URTK_lib.FBURTKCtrl.c"
    Type="File"
    LastWriteTime="133465206420000000"
    Private="false" />
  <Object
    Path="C:\altera\ciclicheskoe11\Logical\Libraries\asstring\Binary.lby"
    LogicalPath="Libraries.asstring"
    Type="Library"
    LastWriteTime="133465206380000000" />
  <Object
    Path="C:\altera\ciclicheskoe11\Logical\Libraries\asstring\asstring.fun"
    LogicalPath="Libraries.asstring.asstring.fun"
    Type="File"
    LastWriteTime="133465206380000000"
    Private="false" />
  <Object
    Path="C:\altera\ciclicheskoe11\Logical\Libraries\asstring\asstring.typ"
    LogicalPath="Libraries.asstring.asstring.typ"
    Type="File"
    LastWriteTime="133465206380000000"
    Private="false" />
  <Object
    Path="C:\altera\ciclicheskoe11\Logical\Libraries\asstring\asstring.var"
    LogicalPath="Libraries.asstring.asstring.var"
    Type="File"
    LastWriteTime="133465206380000000"
    Private="false" />
  <Object
    Path="C:\altera\ciclicheskoe11\Logical\RobotControl\ANSIC.prg"
    LogicalPath="RobotControl"
    Type="Program"
    LastWriteTime="133465206420000000" />
  <Object
    Path="C:\altera\ciclicheskoe11\Logical\RobotControl\Main.c"
    LogicalPath="RobotControl.Main.c"
    Type="File"
    LastWriteTime="133465216451395323"
    Private="false" />
  <Object
    Path="C:\altera\ciclicheskoe11\Logical\RobotControl\Types.typ"
    LogicalPath="RobotControl.Types.typ"
    Type="File"
    LastWriteTime="133465206430000000"
    Private="true" />
  <Object
    Path="C:\altera\ciclicheskoe11\Logical\RobotControl\Variables.var"
    LogicalPath="RobotControl.Variables.var"
    Type="File"
    LastWriteTime="133465206430000000"
    Private="true" />
  <Object
    Path="C:\altera\ciclicheskoe11\Logical\Home\ANSIC.prg"
    LogicalPath="Home"
    Type="Program"
    LastWriteTime="133465206350000000" />
  <Object
    Path="C:\altera\ciclicheskoe11\Logical\Home\Main.c"
    LogicalPath="Home.Main.c"
    Type="File"
    LastWriteTime="133465206350000000"
    Private="false" />
  <Object
    Path="C:\altera\ciclicheskoe11\Logical\Home\Types.typ"
    LogicalPath="Home.Types.typ"
    Type="File"
    LastWriteTime="133465206350000000"
    Private="true" />
  <Object
    Path="C:\altera\ciclicheskoe11\Logical\Home\Variables.var"
    LogicalPath="Home.Variables.var"
    Type="File"
    LastWriteTime="133465206350000000"
    Private="true" />
  <Object
    Path="C:\altera\ciclicheskoe11\Physical\Config1\Config.pkg"
    LogicalPath="Config1"
    Type="Configuration.ParentUnknown"
    LastWriteTime="133465206460000000" />
  <Object
    Path="C:\altera\ciclicheskoe11\Physical\Config1\Hardware.hw"
    LogicalPath="Config1.Hardware.hw"
    Type="File"
    LastWriteTime="133465206460000000"
    Private="false" />
  <Object
    Path="C:\altera\ciclicheskoe11\Physical\Config1\Hardware.hwl"
    LogicalPath="Config1.Hardware.hwl"
    Type="File"
    LastWriteTime="133465206470000000"
    Private="false" />
  <Object
    Path="C:\altera\ciclicheskoe11\Physical\Config1\4PP065_0571_P74\Cpu.pkg"
    LogicalPath="Config1.4PP065_0571_P74"
    Type="Cpu"
    LastWriteTime="133465206450000000" />
  <Object
    Path="C:\altera\ciclicheskoe11\Physical\Config1\4PP065_0571_P74\Cpu.sw"
    LogicalPath="Config1.4PP065_0571_P74.Cpu.sw"
    Type="File"
    LastWriteTime="133465206450000000"
    Private="false" />
  <Object
    Path="C:\altera\ciclicheskoe11\Physical\Config1\4PP065_0571_P74\Cpu.per"
    LogicalPath="Config1.4PP065_0571_P74.Cpu.per"
    Type="File"
    LastWriteTime="133465206450000000"
    Private="false" />
  <Object
    Path="C:\altera\ciclicheskoe11\Physical\Config1\4PP065_0571_P74\IoMap.iom"
    LogicalPath="Config1.4PP065_0571_P74.IoMap.iom"
    Type="File"
    LastWriteTime="133465206450000000"
    Private="false" />
  <Object
    Path="C:\altera\ciclicheskoe11\Physical\Config1\4PP065_0571_P74\PvMap.vvm"
    LogicalPath="Config1.4PP065_0571_P74.PvMap.vvm"
    Type="File"
    LastWriteTime="133465206460000000"
    Private="false" />
  <Object
    Path="C:\altera\ciclicheskoe11\Physical\Config1\4PP065_0571_P74\mapp\Package.pkg"
    LogicalPath="Config1.4PP065_0571_P74.mapp"
    Type="Package"
    LastWriteTime="133465206460000000" />
  <Object
    Path="C:\altera\ciclicheskoe11\Physical\Config1\4PP065_0571_P74\Connectivity\Package.pkg"
    LogicalPath="Config1.4PP065_0571_P74.Connectivity"
    Type="Package"
    LastWriteTime="133465206450000000" />
  <Object
    Path="C:\altera\ciclicheskoe11\Physical\Config1\4PP065_0571_P74\Connectivity\OpcUA\Package.pkg"
    LogicalPath="Config1.4PP065_0571_P74.Connectivity.OpcUA"
    Type="Package"
    LastWriteTime="133465206450000000" />
  <Object
    Path="C:\altera\ciclicheskoe11\Physical\Config1\4PP065_0571_P74\TextSystem\Package.pkg"
    LogicalPath="Config1.4PP065_0571_P74.TextSystem"
    Type="Package"
    LastWriteTime="133465206460000000" />
  <Object
    Path="C:\altera\ciclicheskoe11\Physical\Config1\4PP065_0571_P74\AccessAndSecurity\Package.pkg"
    LogicalPath="Config1.4PP065_0571_P74.AccessAndSecurity"
    Type="Package"
    LastWriteTime="133465206450000000" />
  <Object
    Path="C:\altera\ciclicheskoe11\Physical\Config1\4PP065_0571_P74\AccessAndSecurity\UserRoleSystem\Package.pkg"
    LogicalPath="Config1.4PP065_0571_P74.AccessAndSecurity.UserRoleSystem"
    Type="Package"
    LastWriteTime="133465206450000000" />
  <Object
    Path="C:\altera\ciclicheskoe11\Physical\Config1\4PP065_0571_P74\AccessAndSecurity\UserRoleSystem\Role.role"
    LogicalPath="Config1.4PP065_0571_P74.AccessAndSecurity.UserRoleSystem.Role.role"
    Type="File"
    LastWriteTime="133465206450000000"
    Private="false" />
  <Object
    Path="C:\altera\ciclicheskoe11\Physical\Config1\4PP065_0571_P74\AccessAndSecurity\UserRoleSystem\User.user"
    LogicalPath="Config1.4PP065_0571_P74.AccessAndSecurity.UserRoleSystem.User.user"
    Type="File"
    LastWriteTime="133465206450000000"
    Private="false" />
  <Object
    Path="C:\altera\ciclicheskoe11\Physical\Config1\4PP065_0571_P74\AccessAndSecurity\CertificateStore\Package.pkg"
    LogicalPath="Config1.4PP065_0571_P74.AccessAndSecurity.CertificateStore"
    Type="Package"
    LastWriteTime="133465206450000000" />
  <Object
    Path="C:\altera\ciclicheskoe11\Physical\Config1\4PP065_0571_P74\AccessAndSecurity\CertificateStore\OwnCertificates\Package.pkg"
    LogicalPath="Config1.4PP065_0571_P74.AccessAndSecurity.CertificateStore.OwnCertificates"
    Type="Package"
    LastWriteTime="133465206440000000" />
  <Object
    Path="C:\altera\ciclicheskoe11\Physical\Config1\4PP065_0571_P74\AccessAndSecurity\CertificateStore\OwnCertificates\Certificates\Package.pkg"
    LogicalPath="Config1.4PP065_0571_P74.AccessAndSecurity.CertificateStore.OwnCertificates.Certificates"
    Type="Package"
    LastWriteTime="133465206440000000" />
  <Object
    Path="C:\altera\ciclicheskoe11\Physical\Config1\4PP065_0571_P74\AccessAndSecurity\CertificateStore\OwnCertificates\PrivateKeys\Package.pkg"
    LogicalPath="Config1.4PP065_0571_P74.AccessAndSecurity.CertificateStore.OwnCertificates.PrivateKeys"
    Type="Package"
    LastWriteTime="133465206440000000" />
  <Object
    Path="C:\altera\ciclicheskoe11\Physical\Config1\4PP065_0571_P74\AccessAndSecurity\CertificateStore\ThirdPartyCertificates\Package.pkg"
    LogicalPath="Config1.4PP065_0571_P74.AccessAndSecurity.CertificateStore.ThirdPartyCertificates"
    Type="Package"
    LastWriteTime="133465206450000000" />
  <Object
    Path="C:\altera\ciclicheskoe11\Physical\Config1\4PP065_0571_P74\AccessAndSecurity\CertificateStore\ThirdPartyCertificates\SoftwareCertificates\Package.pkg"
    LogicalPath="Config1.4PP065_0571_P74.AccessAndSecurity.CertificateStore.ThirdPartyCertificates.SoftwareCertificates"
    Type="Package"
    LastWriteTime="133465206450000000" />
  <Object
    Path="C:\altera\ciclicheskoe11\Physical\Config1\4PP065_0571_P74\AccessAndSecurity\CertificateStore\CertificateRevocationLists\Package.pkg"
    LogicalPath="Config1.4PP065_0571_P74.AccessAndSecurity.CertificateStore.CertificateRevocationLists"
    Type="Package"
    LastWriteTime="133465206440000000" />
  <Object
    Path="C:\altera\ciclicheskoe11\Physical\Config1\4PP065_0571_P74\AccessAndSecurity\CertificateStore\CertificateSigningRequests\Package.pkg"
    LogicalPath="Config1.4PP065_0571_P74.AccessAndSecurity.CertificateStore.CertificateSigningRequests"
    Type="Package"
    LastWriteTime="133465206440000000" />
  <Object
    Path="C:\altera\ciclicheskoe11\Physical\Config1\4PP065_0571_P74\AccessAndSecurity\TransportLayerSecurity\Package.pkg"
    LogicalPath="Config1.4PP065_0571_P74.AccessAndSecurity.TransportLayerSecurity"
    Type="Package"
    LastWriteTime="133465206450000000" />
  <Object
    Path="C:\altera\ciclicheskoe11\Physical\Config1\4PP065_0571_P74\Motion\Package.pkg"
    LogicalPath="Config1.4PP065_0571_P74.Motion"
    Type="Package"
    LastWriteTime="133465206460000000" />
  <Object
    Path="C:\altera\ciclicheskoe11\Physical\Config1\4PP065_0571_P74\Motion\Acp10map.ncm"
    LogicalPath="Config1.4PP065_0571_P74.Motion.Acp10map.ncm"
    Type="File"
    LastWriteTime="133465206460000000"
    Private="false" />
  <Object
    Path="C:\altera\ciclicheskoe11\Physical\Config1\4PP065_0571_P74\Motion\Acp10cfg.ncc"
    LogicalPath="Config1.4PP065_0571_P74.Motion.Acp10cfg.ncc"
    Type="File"
    LastWriteTime="133465206460000000"
    Private="false" />
  <Object
    Path="C:\altera\ciclicheskoe11\Physical\Config1\4PP065_0571_P74\Motion\Acp10sys.br"
    LogicalPath="Config1.4PP065_0571_P74.Motion.Acp10sys.br"
    Type="File"
    LastWriteTime="133465206460000000"
    Private="false" />
  <Object
    Path="C:\altera\ciclicheskoe11\Physical\Config1\Hardware.jpg"
    LogicalPath="Config1.Hardware.jpg"
    Type="File"
    LastWriteTime="133465206470000000"
    Private="false" />
</Objects>